Traceback (most recent call last):
  File "/home/shahzar/.local/lib/python3.8/site-packages/jupyter_cache/executors/utils.py", line 51, in single_nb_execution
    executenb(
  File "/home/shahzar/.local/lib/python3.8/site-packages/nbclient/client.py", line 1263, in execute
    return NotebookClient(nb=nb, resources=resources, km=km, **kwargs).execute()
  File "/home/shahzar/.local/lib/python3.8/site-packages/nbclient/util.py", line 85, in wrapped
    return just_run(coro(*args, **kwargs))
  File "/home/shahzar/.local/lib/python3.8/site-packages/nbclient/util.py", line 60, in just_run
    return loop.run_until_complete(coro)
  File "/usr/lib/python3.8/asyncio/base_events.py", line 616, in run_until_complete
    return future.result()
  File "/home/shahzar/.local/lib/python3.8/site-packages/nbclient/client.py", line 701, in async_execute
    await self.async_execute_cell(
  File "/home/shahzar/.local/lib/python3.8/site-packages/nbclient/client.py", line 1019, in async_execute_cell
    await self._check_raise_for_error(cell, cell_index, exec_reply)
  File "/home/shahzar/.local/lib/python3.8/site-packages/nbclient/client.py", line 913, in _check_raise_for_error
    raise CellExecutionError.from_cell_and_msg(cell, exec_reply_content)
nbclient.exceptions.CellExecutionError: An error occurred while executing the following cell:
------------------
# NO CODE

z = np.arange(-4, 4.01, .01)
phi = stats.norm.pdf(z)
plt.plot(z, phi, color='darkblue', lw=2)
plt.plot([-4, 4], [0, 0], color='k', lw=1)
x_tick_labels = ['', '', '', '$-2858$', '$0$', '$2858$', '', '', '']
plt.xticks(np.arange(-4, 4.01), x_tick_labels)
plt.ylim(-0.015, 0.45)
plt.yticks(np.arange(0, 0.41, 0.1), 4*[''])
plt.ylabel('')
z = 10000/2858
plt.scatter(z, 0, color='red', s=50)
plt.text(z-0.2, -0.0425, '10000')
plt.title('Distribution of Test Statistic Under $H_0$');
------------------

[0;31m---------------------------------------------------------------------------[0m
[0;31mValueError[0m                                Traceback (most recent call last)
Input [0;32mIn [4][0m, in [0;36m<cell line: 10>[0;34m()[0m
[1;32m      8[0m plt[38;5;241m.[39mxticks(np[38;5;241m.[39marange([38;5;241m-[39m[38;5;241m4[39m, [38;5;241m4.01[39m), x_tick_labels)
[1;32m      9[0m plt[38;5;241m.[39mylim([38;5;241m-[39m[38;5;241m0.015[39m, [38;5;241m0.45[39m)
[0;32m---> 10[0m [43mplt[49m[38;5;241;43m.[39;49m[43myticks[49m[43m([49m[43mnp[49m[38;5;241;43m.[39;49m[43marange[49m[43m([49m[38;5;241;43m0[39;49m[43m,[49m[43m [49m[38;5;241;43m0.41[39;49m[43m,[49m[43m [49m[38;5;241;43m0.1[39;49m[43m)[49m[43m,[49m[43m [49m[38;5;241;43m4[39;49m[38;5;241;43m*[39;49m[43m[[49m[38;5;124;43m'[39;49m[38;5;124;43m'[39;49m[43m][49m[43m)[49m
[1;32m     11[0m plt[38;5;241m.[39mylabel([38;5;124m'[39m[38;5;124m'[39m)
[1;32m     12[0m z [38;5;241m=[39m [38;5;241m10000[39m[38;5;241m/[39m[38;5;241m2858[39m

File [0;32m~/.local/lib/python3.8/site-packages/matplotlib/pyplot.py:1876[0m, in [0;36myticks[0;34m(ticks, labels, **kwargs)[0m
[1;32m   1874[0m         l[38;5;241m.[39mupdate(kwargs)
[1;32m   1875[0m [38;5;28;01melse[39;00m:
[0;32m-> 1876[0m     labels [38;5;241m=[39m [43max[49m[38;5;241;43m.[39;49m[43mset_yticklabels[49m[43m([49m[43mlabels[49m[43m,[49m[43m [49m[38;5;241;43m*[39;49m[38;5;241;43m*[39;49m[43mkwargs[49m[43m)[49m
[1;32m   1878[0m [38;5;28;01mreturn[39;00m locs, labels

File [0;32m~/.local/lib/python3.8/site-packages/matplotlib/axes/_base.py:75[0m, in [0;36m_axis_method_wrapper.__set_name__.<locals>.wrapper[0;34m(self, *args, **kwargs)[0m
[1;32m     74[0m [38;5;28;01mdef[39;00m [38;5;21mwrapper[39m([38;5;28mself[39m, [38;5;241m*[39margs, [38;5;241m*[39m[38;5;241m*[39mkwargs):
[0;32m---> 75[0m     [38;5;28;01mreturn[39;00m [43mget_method[49m[43m([49m[38;5;28;43mself[39;49m[43m)[49m[43m([49m[38;5;241;43m*[39;49m[43margs[49m[43m,[49m[43m [49m[38;5;241;43m*[39;49m[38;5;241;43m*[39;49m[43mkwargs[49m[43m)[49m

File [0;32m~/.local/lib/python3.8/site-packages/matplotlib/axis.py:1798[0m, in [0;36mAxis._set_ticklabels[0;34m(self, labels, fontdict, minor, **kwargs)[0m
[1;32m   1796[0m [38;5;28;01mif[39;00m fontdict [38;5;129;01mis[39;00m [38;5;129;01mnot[39;00m [38;5;28;01mNone[39;00m:
[1;32m   1797[0m     kwargs[38;5;241m.[39mupdate(fontdict)
[0;32m-> 1798[0m [38;5;28;01mreturn[39;00m [38;5;28;43mself[39;49m[38;5;241;43m.[39;49m[43mset_ticklabels[49m[43m([49m[43mlabels[49m[43m,[49m[43m [49m[43mminor[49m[38;5;241;43m=[39;49m[43mminor[49m[43m,[49m[43m [49m[38;5;241;43m*[39;49m[38;5;241;43m*[39;49m[43mkwargs[49m[43m)[49m

File [0;32m~/.local/lib/python3.8/site-packages/matplotlib/axis.py:1720[0m, in [0;36mAxis.set_ticklabels[0;34m(self, ticklabels, minor, **kwargs)[0m
[1;32m   1716[0m [38;5;28;01mif[39;00m [38;5;28misinstance[39m(locator, mticker[38;5;241m.[39mFixedLocator):
[1;32m   1717[0m     [38;5;66;03m# Passing [] as a list of ticklabels is often used as a way to[39;00m
[1;32m   1718[0m     [38;5;66;03m# remove all tick labels, so only error for > 0 ticklabels[39;00m
[1;32m   1719[0m     [38;5;28;01mif[39;00m [38;5;28mlen[39m(locator[38;5;241m.[39mlocs) [38;5;241m!=[39m [38;5;28mlen[39m(ticklabels) [38;5;129;01mand[39;00m [38;5;28mlen[39m(ticklabels) [38;5;241m!=[39m [38;5;241m0[39m:
[0;32m-> 1720[0m         [38;5;28;01mraise[39;00m [38;5;167;01mValueError[39;00m(
[1;32m   1721[0m             [38;5;124m"[39m[38;5;124mThe number of FixedLocator locations[39m[38;5;124m"[39m
[1;32m   1722[0m             [38;5;124mf[39m[38;5;124m"[39m[38;5;124m ([39m[38;5;132;01m{[39;00m[38;5;28mlen[39m(locator[38;5;241m.[39mlocs)[38;5;132;01m}[39;00m[38;5;124m), usually from a call to[39m[38;5;124m"[39m
[1;32m   1723[0m             [38;5;124m"[39m[38;5;124m set_ticks, does not match[39m[38;5;124m"[39m
[1;32m   1724[0m             [38;5;124mf[39m[38;5;124m"[39m[38;5;124m the number of ticklabels ([39m[38;5;132;01m{[39;00m[38;5;28mlen[39m(ticklabels)[38;5;132;01m}[39;00m[38;5;124m).[39m[38;5;124m"[39m)
[1;32m   1725[0m     tickd [38;5;241m=[39m {loc: lab [38;5;28;01mfor[39;00m loc, lab [38;5;129;01min[39;00m [38;5;28mzip[39m(locator[38;5;241m.[39mlocs, ticklabels)}
[1;32m   1726[0m     func [38;5;241m=[39m functools[38;5;241m.[39mpartial([38;5;28mself[39m[38;5;241m.[39m_format_with_dict, tickd)

[0;31mValueError[0m: The number of FixedLocator locations (5), usually from a call to set_ticks, does not match the number of ticklabels (4).
ValueError: The number of FixedLocator locations (5), usually from a call to set_ticks, does not match the number of ticklabels (4).

