Traceback (most recent call last):
  File "/Users/richardwang/College/DATA88/textbook/textbook/lib/python3.12/site-packages/jupyter_cache/executors/utils.py", line 58, in single_nb_execution
    executenb(
  File "/Users/richardwang/College/DATA88/textbook/textbook/lib/python3.12/site-packages/nbclient/client.py", line 1319, in execute
    return NotebookClient(nb=nb, resources=resources, km=km, **kwargs).execute()
           ^^^^^^^^^^^^^^^^^^^^^^^^^^^^^^^^^^^^^^^^^^^^^^^^^^^^^^^^^^^^^^^^^^^^^
  File "/Users/richardwang/College/DATA88/textbook/textbook/lib/python3.12/site-packages/jupyter_core/utils/__init__.py", line 165, in wrapped
    return loop.run_until_complete(inner)
           ^^^^^^^^^^^^^^^^^^^^^^^^^^^^^^
  File "/opt/homebrew/Cellar/python@3.12/3.12.5/Frameworks/Python.framework/Versions/3.12/lib/python3.12/asyncio/base_events.py", line 687, in run_until_complete
    return future.result()
           ^^^^^^^^^^^^^^^
  File "/Users/richardwang/College/DATA88/textbook/textbook/lib/python3.12/site-packages/nbclient/client.py", line 709, in async_execute
    await self.async_execute_cell(
  File "/Users/richardwang/College/DATA88/textbook/textbook/lib/python3.12/site-packages/nbclient/client.py", line 1062, in async_execute_cell
    await self._check_raise_for_error(cell, cell_index, exec_reply)
  File "/Users/richardwang/College/DATA88/textbook/textbook/lib/python3.12/site-packages/nbclient/client.py", line 918, in _check_raise_for_error
    raise CellExecutionError.from_cell_and_msg(cell, exec_reply_content)
nbclient.exceptions.CellExecutionError: An error occurred while executing the following cell:
------------------
# NO CODE 

from datascience import *
from prob140 import *
import numpy as np
import matplotlib.pyplot as plt
plt.style.use('fivethirtyeight')
%matplotlib inline
import math
from scipy import stats
------------------


[31m---------------------------------------------------------------------------[39m
[31mModuleNotFoundError[39m                       Traceback (most recent call last)
[36mCell[39m[36m [39m[32mIn[1][39m[32m, line 4[39m
[32m      1[39m [38;5;66;03m# NO CODE [39;00m
[32m      3[39m [38;5;28;01mfrom[39;00m[38;5;250m [39m[34;01mdatascience[39;00m[38;5;250m [39m[38;5;28;01mimport[39;00m *
[32m----> [39m[32m4[39m [38;5;28;01mfrom[39;00m[38;5;250m [39m[34;01mprob140[39;00m[38;5;250m [39m[38;5;28;01mimport[39;00m *
[32m      5[39m [38;5;28;01mimport[39;00m[38;5;250m [39m[34;01mnumpy[39;00m[38;5;250m [39m[38;5;28;01mas[39;00m[38;5;250m [39m[34;01mnp[39;00m
[32m      6[39m [38;5;28;01mimport[39;00m[38;5;250m [39m[34;01mmatplotlib[39;00m[34;01m.[39;00m[34;01mpyplot[39;00m[38;5;250m [39m[38;5;28;01mas[39;00m[38;5;250m [39m[34;01mplt[39;00m

[36mFile [39m[32m~/College/DATA88/textbook/textbook/lib/python3.12/site-packages/prob140/__init__.py:2[39m
[32m      1[39m [38;5;28;01mfrom[39;00m[38;5;250m [39m[34;01m.[39;00m[34;01mversion[39;00m[38;5;250m [39m[38;5;28;01mimport[39;00m __version__
[32m----> [39m[32m2[39m [38;5;28;01mfrom[39;00m[38;5;250m [39m[34;01m.[39;00m[34;01mrebinding[39;00m[38;5;250m [39m[38;5;28;01mimport[39;00m Table, Plot, Plots, JointDistribution
[32m      3[39m [38;5;28;01mfrom[39;00m[38;5;250m [39m[34;01m.[39;00m[34;01mmarkov_chains[39;00m[38;5;250m [39m[38;5;28;01mimport[39;00m MarkovChain
[32m      5[39m [38;5;28;01mfrom[39;00m[38;5;250m [39m[34;01m.[39;00m[34;01msingle_variable[39;00m[38;5;250m [39m[38;5;28;01mimport[39;00m emp_dist

[36mFile [39m[32m~/College/DATA88/textbook/textbook/lib/python3.12/site-packages/prob140/rebinding.py:5[39m
[32m      3[39m [38;5;28;01mfrom[39;00m[38;5;250m [39m[34;01m.[39;00m[34;01mmarkov_chains[39;00m[38;5;250m [39m[38;5;28;01mimport[39;00m MarkovChain, to_markov_chain
[32m      4[39m [38;5;28;01mfrom[39;00m[38;5;250m [39m[34;01m.[39;00m[34;01msymbolic_math[39;00m[38;5;250m [39m[38;5;28;01mimport[39;00m *
[32m----> [39m[32m5[39m [38;5;28;01mfrom[39;00m[38;5;250m [39m[34;01m.[39;00m[34;01mplots[39;00m[38;5;250m [39m[38;5;28;01mimport[39;00m Plot_continuous
[32m      7[39m [38;5;28;01mfrom[39;00m[38;5;250m [39m[34;01mdatascience[39;00m[38;5;250m [39m[38;5;28;01mimport[39;00m *
[32m     10[39m [38;5;28;01mdef[39;00m[38;5;250m [39m[34mdomain[39m([38;5;28mself[39m, *args):

[36mFile [39m[32m~/College/DATA88/textbook/textbook/lib/python3.12/site-packages/prob140/plots.py:1[39m
[32m----> [39m[32m1[39m [38;5;28;01mimport[39;00m[38;5;250m [39m[34;01mipywidgets[39;00m[38;5;250m [39m[38;5;28;01mas[39;00m[38;5;250m [39m[34;01mwidgets[39;00m
[32m      2[39m [38;5;28;01mfrom[39;00m[38;5;250m [39m[34;01mipywidgets[39;00m[38;5;250m [39m[38;5;28;01mimport[39;00m interact
[32m      3[39m [38;5;28;01mimport[39;00m[38;5;250m [39m[34;01mmatplotlib[39;00m[34;01m.[39;00m[34;01mpyplot[39;00m[38;5;250m [39m[38;5;28;01mas[39;00m[38;5;250m [39m[34;01mplt[39;00m

[31mModuleNotFoundError[39m: No module named 'ipywidgets'

